nohup: 忽略输入
Namespace(batchSize=100, beta=0.01, dataset='ncRNA-drug', embSize=100, epoch=30, filter=False, l2=1e-05, layer=3, lr=0.001)
/home/huxiaowen/anaconda3/envs/DHCN/lib/python3.6/site-packages/numpy/core/_asarray.py:83: VisibleDeprecationWarning: Creating an ndarray from ragged nested sequences (which is a list-or-tuple of lists-or-tuples-or ndarrays with different lengths or shapes) is deprecated. If you meant to do this, you must specify 'dtype=object' when creating the ndarray
  return array(a, dtype, copy=False, order=order)
/home/huxiaowen/DHCNNDA/DHCN/util.py:41: RuntimeWarning: divide by zero encountered in true_divide
  DH = H.T.multiply(1.0/H.sum(axis=1).reshape(1, -1))
-------------------------------------------------------
epoch:  0
start training:  2022-03-23 21:30:28.901445
mean_loss: 6.674626350402832
start predicting:  2022-03-23 22:03:14.882877
auc: 0.4984462428089665; AUPR: 0.4984873513036945
-------------------------------------------------------
epoch:  1
start training:  2022-03-23 22:05:45.385330
mean_loss: 6.222424030303955
start predicting:  2022-03-23 22:38:08.007934
auc: 0.49888581987700853; AUPR: 0.4985578548345489
-------------------------------------------------------
epoch:  2
start training:  2022-03-23 22:40:33.889406
mean_loss: 6.071252346038818
start predicting:  2022-03-23 23:13:11.986744
auc: 0.4984359829398929; AUPR: 0.497715548095281
-------------------------------------------------------
epoch:  3
start training:  2022-03-23 23:15:34.058924
mean_loss: 5.981375694274902
start predicting:  2022-03-23 23:48:11.073511
auc: 0.4977122162269391; AUPR: 0.4966948827191043
-------------------------------------------------------
epoch:  4
start training:  2022-03-23 23:50:36.473100
mean_loss: 5.906827926635742
start predicting:  2022-03-24 00:23:13.667094
auc: 0.4989381594921642; AUPR: 0.49810839119837413
-------------------------------------------------------
epoch:  5
start training:  2022-03-24 00:25:40.901276
mean_loss: 5.8569231033325195
start predicting:  2022-03-24 00:57:56.975192
auc: 0.4974583229517953; AUPR: 0.4962438050345595
-------------------------------------------------------
epoch:  6
start training:  2022-03-24 01:00:22.630963
mean_loss: 5.818454265594482
start predicting:  2022-03-24 01:32:32.127770
auc: 0.49730508391192224; AUPR: 0.4969295661926869
-------------------------------------------------------
epoch:  7
start training:  2022-03-24 01:34:57.390098
mean_loss: 5.785848140716553
start predicting:  2022-03-24 02:07:18.213246
auc: 0.4989089863122396; AUPR: 0.4987322444034492
-------------------------------------------------------
epoch:  8
start training:  2022-03-24 02:09:41.900111
mean_loss: 5.742463111877441
start predicting:  2022-03-24 02:42:08.731670
auc: 0.4972059230311445; AUPR: 0.4966062635358112
-------------------------------------------------------
epoch:  9
start training:  2022-03-24 02:44:34.547765
mean_loss: 5.722148418426514
start predicting:  2022-03-24 03:16:54.884623
auc: 0.4983798016266614; AUPR: 0.4977134806578839
-------------------------------------------------------
epoch:  10
start training:  2022-03-24 03:19:17.687004
mean_loss: 5.689101696014404
start predicting:  2022-03-24 03:51:52.087459
auc: 0.4996998290021822; AUPR: 0.49921509377404116
-------------------------------------------------------
epoch:  11
start training:  2022-03-24 03:54:16.066369
mean_loss: 5.6558685302734375
start predicting:  2022-03-24 04:26:31.524975
auc: 0.49939461575084315; AUPR: 0.4991298739447862
-------------------------------------------------------
epoch:  12
start training:  2022-03-24 04:28:57.025038
mean_loss: 5.62824821472168
start predicting:  2022-03-24 05:01:31.458175
auc: 0.49802552430073393; AUPR: 0.49731066950119385
-------------------------------------------------------
epoch:  13
start training:  2022-03-24 05:03:55.919026
mean_loss: 5.603152751922607
start predicting:  2022-03-24 05:36:18.878445
auc: 0.4994940757786153; AUPR: 0.498763402977133
-------------------------------------------------------
epoch:  14
start training:  2022-03-24 05:38:46.099364
mean_loss: 5.577676773071289
start predicting:  2022-03-24 06:11:18.183314
auc: 0.49880698710573296; AUPR: 0.4981808115221182
-------------------------------------------------------
epoch:  15
start training:  2022-03-24 06:13:42.130243
mean_loss: 5.5552802085876465
start predicting:  2022-03-24 06:46:04.386296
auc: 0.4988327526284468; AUPR: 0.4978217642149394
-------------------------------------------------------
epoch:  16
start training:  2022-03-24 06:48:29.677985
mean_loss: 5.521632194519043
start predicting:  2022-03-24 07:21:02.408734
auc: 0.49890636619718315; AUPR: 0.4983800951440723
-------------------------------------------------------
epoch:  17
start training:  2022-03-24 07:23:24.828292
mean_loss: 5.502305507659912
start predicting:  2022-03-24 07:55:42.652909
auc: 0.49751654830390796; AUPR: 0.4963467910435818
-------------------------------------------------------
epoch:  18
start training:  2022-03-24 07:58:05.730408
mean_loss: 5.470797061920166
start predicting:  2022-03-24 08:30:33.843797
auc: 0.496546151160484; AUPR: 0.49556694638977833
-------------------------------------------------------
epoch:  19
start training:  2022-03-24 08:32:57.181477
mean_loss: 5.456742286682129
start predicting:  2022-03-24 09:05:24.729261
auc: 0.49673149732195987; AUPR: 0.4957711162527839
-------------------------------------------------------
epoch:  20
start training:  2022-03-24 09:07:58.793936
